[2015.09.17-02.18.42:197][  0]Log file open, 09/17/15 09:18:42
[2015.09.17-02.18.42:197][  0]LogInit:Display: Running engine for game: MyProject
[2015.09.17-02.18.42:197][  0]LogInit:Display: RandInit(487794601) SRandInit(487794602).
[2015.09.17-02.18.42:197][  0]LogTaskGraph: Started task graph with 4 named threads and 5 total threads.
[2015.09.17-02.18.42:197][  0]LogStats: Stats thread started at 0.155394
[2015.09.17-02.18.42:197][  0]LogInit: Version: 4.9.1-2689999+++depot+UE4-Releases+4.9
[2015.09.17-02.18.42:197][  0]LogInit: API Version: 2672455
[2015.09.17-02.18.42:197][  0]LogInit: Compiled (64-bit): Sep 14 2015 04:12:03
[2015.09.17-02.18.42:197][  0]LogInit: Compiled with Visual C++: 18.00.21005.01
[2015.09.17-02.18.42:197][  0]LogInit: Build Configuration: Development
[2015.09.17-02.18.42:197][  0]LogInit: Branch Name: ++depot+UE4-Releases+4.9
[2015.09.17-02.18.42:198][  0]LogInit: Command line: 
[2015.09.17-02.18.42:198][  0]LogInit: Base directory: C:/Program Files/Epic Games/4.9/Engine/Binaries/Win64/
[2015.09.17-02.18.42:198][  0]LogInit: Rocket: 1
[2015.09.17-02.18.42:221][  0]LogInit: Using libcurl 7.41.0
[2015.09.17-02.18.42:221][  0]LogInit:  - built for x86_64-pc-win32
[2015.09.17-02.18.42:221][  0]LogInit:  - supports SSL with WinSSL
[2015.09.17-02.18.42:221][  0]LogInit:  - other features:
[2015.09.17-02.18.42:221][  0]LogInit:      CURL_VERSION_SSL
[2015.09.17-02.18.42:221][  0]LogInit:      CURL_VERSION_IPV6
[2015.09.17-02.18.42:221][  0]LogInit:      CURL_VERSION_ASYNCHDNS
[2015.09.17-02.18.42:221][  0]LogInit:      CURL_VERSION_LARGEFILE
[2015.09.17-02.18.42:221][  0]LogInit:      CURL_VERSION_IDN
[2015.09.17-02.18.42:221][  0]LogInit:  CurlRequestOptions (configurable via config and command line):
[2015.09.17-02.18.42:221][  0]LogInit:  - bVerifyPeer = true  - Libcurl will verify peer certificate
[2015.09.17-02.18.42:222][  0]LogInit:  - bUseHttpProxy = false  - Libcurl will NOT use HTTP proxy
[2015.09.17-02.18.42:222][  0]LogInit:  - bDontReuseConnections = false  - Libcurl will reuse connections
[2015.09.17-02.18.42:222][  0]LogInit:  - CertBundlePath = nullptr  - Libcurl will use whatever was configured at build time.
[2015.09.17-02.18.42:242][  0]LogInit: Presizing for 0 objects not considered by GC, pre-allocating 0 bytes.
[2015.09.17-02.18.42:262][  0]LogInit: Object subsystem initialized
[2015.09.17-02.18.42:280][  0]LogInit: Selected Device Profile: [Windows]
[2015.09.17-02.18.42:280][  0]LogInit: Applying CVar settings loaded from the selected device profile: [Windows]
[2015.09.17-02.18.42:304][  0]LogInit: Computer: DESKTOP-NDPJ49P
[2015.09.17-02.18.42:304][  0]LogInit: User: Thesizer
[2015.09.17-02.18.42:304][  0]LogInit: CPU Page size=4096, Cores=2
[2015.09.17-02.18.42:304][  0]LogInit: High frequency timer resolution =2.533199 MHz
[2015.09.17-02.18.42:304][  0]LogMemory: Memory total: Physical=7.9GB (8GB approx)
[2015.09.17-02.18.42:305][  0]LogMemory: Platform Memory Stats for Windows
[2015.09.17-02.18.42:305][  0]LogMemory: Process Physical Memory: 54.13 MB used, 54.13 MB peak
[2015.09.17-02.18.42:305][  0]LogMemory: Process Virtual Memory: 55.39 MB used, 55.39 MB peak
[2015.09.17-02.18.42:305][  0]LogMemory: Physical Memory: 5029.48 MB used, 8120.36 MB total
[2015.09.17-02.18.42:305][  0]LogMemory: Virtual Memory: 365.55 MB used, 134217728.00 MB total
[2015.09.17-02.18.42:354][  0]LogTextLocalizationManager: No translations for ('th-TH') exist, falling back to 'en' for localization and internationalization data.
[2015.09.17-02.18.47:393][  0]LogD3D11RHI: Found D3D11 adapter 0: Intel(R) HD Graphics Family (Feature Level 11_0)
[2015.09.17-02.18.47:393][  0]LogD3D11RHI: Adapter has 112MB of dedicated video memory, 0MB of dedicated system memory, and 4060MB of shared system memory, 2 output[s]
[2015.09.17-02.18.47:460][  0]LogD3D11RHI: Found D3D11 adapter 1: AMD Radeon R9 M275 (Feature Level 11_0)
[2015.09.17-02.18.47:460][  0]LogD3D11RHI: Adapter has 4074MB of dedicated video memory, 0MB of dedicated system memory, and 4060MB of shared system memory, 0 output[s]
[2015.09.17-02.18.47:465][  0]LogD3D11RHI: Found D3D11 adapter 2: Microsoft Basic Render Driver (Feature Level 11_0)
[2015.09.17-02.18.47:465][  0]LogD3D11RHI: Adapter has 0MB of dedicated video memory, 0MB of dedicated system memory, and 4060MB of shared system memory, 0 output[s]
[2015.09.17-02.18.47:465][  0]LogD3D11RHI: Chosen D3D11 Adapter Id = 0
[2015.09.17-02.18.47:491][  0]LogD3D11RHI: !Direct3DDevice
[2015.09.17-02.18.47:492][  0]LogRHI: Texture pool is 1361 MB (70% of 1945 MB)
[2015.09.17-02.18.47:523][  0]LogD3D11RHI: Async texture creation enabled
[2015.09.17-02.18.47:566][  0]LogShaderCompilers: Guid format shader working directory is 15 characters bigger than the processId version (../../../../../../Users/Thesizer/Documents/Unreal Projects/MyProject/Intermediate/Shaders/WorkingDirectory/9144/).
[2015.09.17-02.18.47:568][  0]LogShaderCompilers: Cleaned the shader compiler working directory '../../../../../../Users/Thesizer/Documents/Unreal Projects/MyProject/Intermediate/Shaders/tmp/6EF9C561418A36375F869390C670B898/'.
[2015.09.17-02.18.47:568][  0]LogShaderCompilers:Display: Using Local Shader Compiler.
[2015.09.17-02.18.54:092][  0]LogTemp:Display: Loaded TP AllDesktopTargetPlatform
[2015.09.17-02.18.54:125][  0]LogTemp:Display: Loaded TP WindowsClientTargetPlatform
[2015.09.17-02.18.54:172][  0]LogTemp:Display: Loaded TP WindowsNoEditorTargetPlatform
[2015.09.17-02.18.54:212][  0]LogTemp:Display: Loaded TP WindowsServerTargetPlatform
[2015.09.17-02.18.54:248][  0]LogTemp:Display: Loaded TP WindowsTargetPlatform
[2015.09.17-02.18.54:281][  0]LogTemp:Display: Loaded TP AndroidTargetPlatform
[2015.09.17-02.18.54:320][  0]LogTemp:Display: Loaded TP Android_ASTCTargetPlatform
[2015.09.17-02.18.54:360][  0]LogTemp:Display: Loaded TP Android_ATCTargetPlatform
[2015.09.17-02.18.54:399][  0]LogTemp:Display: Loaded TP Android_DXTTargetPlatform
[2015.09.17-02.18.54:429][  0]LogTemp:Display: Loaded TP Android_ETC1TargetPlatform
[2015.09.17-02.18.54:456][  0]LogTemp:Display: Loaded TP Android_ETC2TargetPlatform
[2015.09.17-02.18.54:480][  0]LogTemp:Display: Loaded TP Android_PVRTCTargetPlatform
[2015.09.17-02.18.54:489][  0]LogTemp:Display: Loaded TP HTML5TargetPlatform
[2015.09.17-02.18.54:545][  0]LogTemp:Display: Loaded TP IOSTargetPlatform
[2015.09.17-02.18.54:568][  0]LogTemp:Display: Loaded TP LinuxNoEditorTargetPlatform
[2015.09.17-02.18.54:598][  0]LogTemp:Display: Loaded TP LinuxServerTargetPlatform
[2015.09.17-02.18.54:624][  0]LogTemp:Display: Loaded TP LinuxTargetPlatform
[2015.09.17-02.18.54:624][  0]LogTargetPlatformManager:Display: Building Assets For Windows
[2015.09.17-02.18.55:228][  0]LogDerivedDataCache:Display: Max Cache Size: 512 MB
[2015.09.17-02.18.55:599][  0]LogDerivedDataCache: Loaded boot cache 0.37s 41MB C:/Users/Thesizer/AppData/Local/UnrealEngine/4.9/DerivedDataCache/Boot.ddc.
[2015.09.17-02.18.55:599][  0]LogDerivedDataCache:Display: Loaded Boot cache: C:/Users/Thesizer/AppData/Local/UnrealEngine/4.9/DerivedDataCache/Boot.ddc
[2015.09.17-02.18.55:599][  0]LogDerivedDataCache: FDerivedDataBackendGraph:  Pak pak cache file ../../../../../../Users/Thesizer/Documents/Unreal Projects/MyProject/DerivedDataCache/DDC.ddp not found, will not use a pak cache.
[2015.09.17-02.18.55:599][  0]LogDerivedDataCache: Unable to find inner node Pak for hierarchical cache Hierarchy.
[2015.09.17-02.18.55:599][  0]LogDerivedDataCache: FDerivedDataBackendGraph:  CompressedPak pak cache file ../../../../../../Users/Thesizer/Documents/Unreal Projects/MyProject/DerivedDataCache/Compressed.ddp not found, will not use a pak cache.
[2015.09.17-02.18.55:599][  0]LogDerivedDataCache: Unable to find inner node CompressedPak for hierarchical cache Hierarchy.
[2015.09.17-02.18.56:255][  0]LogDerivedDataCache:Display: Pak cache opened for reading ../../../Engine/DerivedDataCache/Compressed.ddp.
[2015.09.17-02.18.56:270][  0]LogDerivedDataCache: Using Local data cache path C:/Users/Thesizer/AppData/Local/UnrealEngine/Common/DerivedDataCache: Writable
[2015.09.17-02.18.57:545][  0]LogInit: Selected Device Profile: [Windows]
[2015.09.17-02.18.57:564][  0]LogContentStreaming: Texture pool size is 0.000000MB
[2015.09.17-02.18.58:240][  0]LogMeshUtilities: No automatic mesh reduction module available
[2015.09.17-02.18.58:241][  0]LogMeshUtilities: No automatic mesh merging module available
[2015.09.17-02.18.59:882][  0]LogInit: WinSock: version 1.1 (2.2), MaxSocks=32767, MaxUdp=65467
[2015.09.17-02.19.04:866][  0]UdpMessaging: Initializing bridge on interface 0.0.0.0:0 to multicast group 230.0.0.1:6666.
[2015.09.17-02.19.05:127][  0]LogAssetRegistry: FAssetRegistry took 0.0114 seconds to start up
[2015.09.17-02.19.06:106][  0]SourceControl: Info Source control is disabled
[2015.09.17-02.19.06:108][  0]SourceControl: Info Source control is disabled
[2015.09.17-02.19.06:183][  0]SourceControl: Info Source control is disabled
[2015.09.17-02.19.06:251][  0]SourceControl: Info Source control is disabled
[2015.09.17-02.19.07:230][  0]LogLinker:Warning: Asset '../../../Engine/Plugins/Runtime/LeapMotionController/Content/LM_PassthroughMaterial.uasset' has been saved with empty engine version. The asset will be loaded but may be incompatible.
[2015.09.17-02.19.07:723][  0]LogObj: 28361 objects as part of root set at end of initial load.
[2015.09.17-02.19.07:724][  0]LogUObjectAllocator: 6038872 out of 0 bytes used by permanent object pool.
[2015.09.17-02.19.07:990][  0]LogEngine: Initializing Engine...
[2015.09.17-02.19.08:000][  0]LogHMD: Can't find Oculus library dev build: is proper Runtime installed? Version: 0.7.0.0
[2015.09.17-02.19.08:002][  0]LogHMD: SteamVR failed to initialize.  Err: 110
[2015.09.17-02.19.08:802][  0]LogAIModule: Creating AISystem for world NewWorld
[2015.09.17-02.19.08:830][  0]LogInit: XAudio2 using 'SHARP HDMI (Intel(R) Display Audio)' : 2 channels at 48 kHz using 16 bits per sample (channel mask 0x3)
[2015.09.17-02.19.08:868][  0]LogInit: FAudioDevice initialized.
[2015.09.17-02.19.09:008][  0]LogDerivedDataCache: Saved boot cache 0.14s 41MB C:/Users/Thesizer/AppData/Local/UnrealEngine/4.9/DerivedDataCache/Boot.ddc.
[2015.09.17-02.19.09:049][  0]LogInit: Texture streaming: Enabled
[2015.09.17-02.19.09:094][  0]LogAnalytics: Creating configured Analytics provider AnalyticsET
[2015.09.17-02.19.09:094][  0]LogAnalytics: [UEEditor.Rocket.Release] APIServer = http://et2.epicgames.com/ET2/. AppVersion = 4.9.1-2689999+++depot+UE4-Releases+4.9
[2015.09.17-02.19.09:094][  0]LogAnalytics: [UEEditor.Rocket.Release] SetUserId a1d920c5417b99732172578664dfbba2|88e18ef512734dcfb27f8cc4dba26d8d|9cb7be80-526c-46bc-8b8d-6b7b5c04ad26
[2015.09.17-02.19.09:094][  0]LogAnalytics: [UEEditor.Rocket.Release] AnalyticsET::StartSession
[2015.09.17-02.19.09:301][  0]LogInit: Transaction tracking system initialized
[2015.09.17-02.19.09:578][  0]BlueprintLog: New page: Editor Load
[2015.09.17-02.19.17:027][  0]LocalizationService: Info Localization service is disabled
[2015.09.17-02.19.18:582][  0]LogConsoleResponse:Display: 
[2015.09.17-02.19.19:327][  0]LogCook:Display: Done creating registry. It took  0.00s.
[2015.09.17-02.19.19:516][  0]LogFileCache: Scanning file cache for directory 'C:/Users/Thesizer/Documents/Unreal Projects/MyProject/Content/' took 0.02s
[2015.09.17-02.19.19:930][  0]SourceControl: Info Source control is disabled
[2015.09.17-02.19.19:931][  0]Cmd: MAP LOAD FILE="../../../../../../Users/Thesizer/Documents/Unreal Projects/MyProject/Content/ThirdPersonBP/Maps/ThirdPersonExampleMap.umap" TEMPLATE=0 SHOWPROGRESS=1 FEATURELEVEL=3
[2015.09.17-02.19.19:933][  0]LightingResults: New page: Lighting Build
[2015.09.17-02.19.19:972][  0]MapCheck: New page: Map Check
[2015.09.17-02.19.19:973][  0]LightingResults: New page: Lighting Build
[2015.09.17-02.19.20:122][  0]LogParticles: Destroying 0 GPU particle simulations for FXSystem 0x000000FBA862BCE0
[2015.09.17-02.19.20:122][  0]LogLinker:Warning: Asset '../../../../../../Users/Thesizer/Documents/Unreal Projects/MyProject/Content/ThirdPersonBP/Blueprints/ThirdPersonCharacter.uasset' has been saved with empty engine version. The asset will be loaded but may be incompatible.
[2015.09.17-02.19.20:142][  0]LogLinker:Warning: Asset '../../../../../../Users/Thesizer/Documents/Unreal Projects/MyProject/Content/Mannequin/Animations/ThirdPerson_AnimBP.uasset' has been saved with empty engine version. The asset will be loaded but may be incompatible.
[2015.09.17-02.19.20:151][  0]LogLinker:Warning: Asset '../../../../../../Users/Thesizer/Documents/Unreal Projects/MyProject/Content/Mannequin/Animations/ThirdPerson_Jump.uasset' has been saved with empty engine version. The asset will be loaded but may be incompatible.
[2015.09.17-02.19.20:173][  0]LogLinker:Warning: Asset '../../../../../../Users/Thesizer/Documents/Unreal Projects/MyProject/Content/Mannequin/Animations/ThirdPersonJump_Loop.uasset' has been saved with empty engine version. The asset will be loaded but may be incompatible.
[2015.09.17-02.19.20:183][  0]LogLinker:Warning: Asset '../../../../../../Users/Thesizer/Documents/Unreal Projects/MyProject/Content/Mannequin/Animations/ThirdPersonJump_Start.uasset' has been saved with empty engine version. The asset will be loaded but may be incompatible.
[2015.09.17-02.19.20:203][  0]LogLinker:Warning: Asset '../../../../../../Users/Thesizer/Documents/Unreal Projects/MyProject/Content/Mannequin/Animations/ThirdPerson_IdleRun_2D.uasset' has been saved with empty engine version. The asset will be loaded but may be incompatible.
[2015.09.17-02.19.20:204][  0]LogLinker:Warning: Asset '../../../../../../Users/Thesizer/Documents/Unreal Projects/MyProject/Content/Mannequin/Animations/ThirdPersonIdle.uasset' has been saved with empty engine version. The asset will be loaded but may be incompatible.
[2015.09.17-02.19.20:212][  0]LogLinker:Warning: Asset '../../../../../../Users/Thesizer/Documents/Unreal Projects/MyProject/Content/Mannequin/Animations/ThirdPersonRun.uasset' has been saved with empty engine version. The asset will be loaded but may be incompatible.
[2015.09.17-02.19.20:223][  0]LogLinker:Warning: Asset '../../../../../../Users/Thesizer/Documents/Unreal Projects/MyProject/Content/Mannequin/Animations/ThirdPersonWalk.uasset' has been saved with empty engine version. The asset will be loaded but may be incompatible.
[2015.09.17-02.19.26:251][  0]LogAIModule: Creating AISystem for world ThirdPersonExampleMap
[2015.09.17-02.19.26:694][  0]LogEditorServer: Finished looking for orphan Actors (0.001 secs)
[2015.09.17-02.19.26:699][  0]Cmd: MAP CHECKDEP NOCLEARLOG
[2015.09.17-02.19.27:248][  0]MapCheck: Info Map check complete: 0 Error(s), 0 Warning(s), took 547.819ms to complete.
[2015.09.17-02.19.27:248][  0]LogFileHelpers: Loading map 'ThirdPersonExampleMap' took 7.317
[2015.09.17-02.19.27:751][  0]LogCollectionManager: Loaded 0 collections in 0.007565 seconds
[2015.09.17-02.19.27:815][  0]LogFileCache: Scanning file cache for directory 'C:/Users/Thesizer/Documents/Unreal Projects/MyProject/Saved/Collections/' took 0.01s
[2015.09.17-02.19.27:815][  0]LogFileCache: Scanning file cache for directory 'C:/Users/Thesizer/Documents/Unreal Projects/MyProject/Content/Developers/Thesizer/Collections/' took 0.01s
[2015.09.17-02.19.27:815][  0]LogFileCache: Scanning file cache for directory 'C:/Users/Thesizer/Documents/Unreal Projects/MyProject/Content/Collections/' took 0.01s
[2015.09.17-02.19.27:815][  0]LogContentBrowser: Native class hierarchy populated in 0.0229 seconds. Added 1867 classes and 333 folders.
[2015.09.17-02.19.27:843][  0]LogCollectionManager: Rebuilt the GUID cache for 0 collections in 0.000007 seconds
[2015.09.17-02.19.27:870][  0]LogContentBrowser: Native class hierarchy updated for 'WidgetCarousel' in 0.0016 seconds. Added 0 classes and 0 folders.
[2015.09.17-02.19.28:002][  0]LogContentBrowser: Native class hierarchy updated for 'AddContentDialog' in 0.0009 seconds. Added 0 classes and 0 folders.
[2015.09.17-02.19.28:019][  0]LogContentBrowser: Native class hierarchy updated for 'SceneOutliner' in 0.0015 seconds. Added 1 classes and 2 folders.
[2015.09.17-02.19.28:097][  0]LogCrashTracker: Crashtracker disabled due to settings.
[2015.09.17-02.19.28:115][  0]LogUObjectGlobals:Warning: Failed to find object 'Class None.'
[2015.09.17-02.19.28:154][  0]LogLoad: Full Startup: 47.38 seconds (BP compile: 1.04 seconds)
[2015.09.17-02.19.28:970][  0]LogContentStreaming: Texture pool size now 400 MB
[2015.09.17-02.19.29:631][  0]LogRenderer: Reallocating scene render targets to support 964x436 (Frame:2).
[2015.09.17-02.19.43:394][ 35]LogAssetRegistry: Asset discovery search completed in 38.2781 seconds
[2015.09.17-02.19.43:394][ 35]LogCollectionManager: Rebuilt the object cache for 0 collections in 0.000003 seconds (found 0 objects)
[2015.09.17-02.19.43:394][ 35]LogCollectionManager: Fixed up redirectors for 0 collections in 0.000101 seconds (updated 0 objects)
[2015.09.17-02.21.57:932][974]LogLinker:Warning: Asset '../../../Engine/Content/ArtTools/RenderToTexture/Macros/RenderToTextureMacros.uasset' has been saved with empty engine version. The asset will be loaded but may be incompatible.
[2015.09.17-02.21.59:402][974]LogContentBrowser: Native class hierarchy updated for 'BlueprintGraph' in 0.0023 seconds. Added 107 classes and 0 folders.
[2015.09.17-02.22.00:468][974]LogActor:Warning: GameNetworkManager /Engine/Transient.World_2:PersistentLevel.GameNetworkManager_0 has natively added scene component(s), but none of them were set as the actor's RootComponent - picking one arbitrarily
[2015.09.17-02.22.23:545][531]LogActorComponent: UnregisterComponent: (/Engine/Transient.CharMoveComp) Not registered. Aborting.
[2015.09.17-02.22.23:640][531]LogParticles: Destroying 0 GPU particle simulations for FXSystem 0x000000FBA48225C0
[2015.09.17-02.22.23:643][531]LogParticles: Destroying 0 GPU particle simulations for FXSystem 0x000000FBD51305E0
[2015.09.17-02.22.25:806][531]LogWindowsTextInputMethodSystem:Display: IME system now deactivated.
[2015.09.17-02.22.26:984][532]Cmd: QUIT_EDITOR
[2015.09.17-02.22.27:771][532]LogExit: Preparing to exit.
[2015.09.17-02.22.28:274][532]LogExit: Editor shut down
[2015.09.17-02.22.28:274][532]LogExit: Transaction tracking system shut down
[2015.09.17-02.22.28:278][532]LogParticles: Destroying 0 GPU particle simulations for FXSystem 0x000000FB97BFDA80
[2015.09.17-02.22.28:279][532]LogParticles: Destroying 0 GPU particle simulations for FXSystem 0x000000FBB50F1940
[2015.09.17-02.22.28:279][532]LogParticles: Destroying 0 GPU particle simulations for FXSystem 0x000000FBA4821C60
[2015.09.17-02.22.28:676][532]LogExit: Object subsystem successfully closed.
[2015.09.17-02.22.28:692][532]LogD3D11RHI: Shutdown
[2015.09.17-02.22.28:692][532]LogD3D11RHI: CleanupD3DDevice
[2015.09.17-02.22.28:863][532]LogD3D11RHI: ~FD3D11DynamicRHI
[2015.09.17-02.22.28:911][532]LogModuleManager: Shutting down and abandoning module BlueprintGraph (198)
[2015.09.17-02.22.28:911][532]LogModuleManager: Shutting down and abandoning module CrashTracker (197)
[2015.09.17-02.22.28:911][532]LogModuleManager: Shutting down and abandoning module SceneOutliner (196)
[2015.09.17-02.22.28:911][532]LogModuleManager: Shutting down and abandoning module SuperSearch (195)
[2015.09.17-02.22.28:911][532]LogModuleManager: Shutting down and abandoning module WidgetCarousel (194)
[2015.09.17-02.22.28:912][532]LogModuleManager: Shutting down and abandoning module AddContentDialog (193)
[2015.09.17-02.22.28:914][532]LogModuleManager: Shutting down and abandoning module EditorWidgets (192)
[2015.09.17-02.22.28:914][532]LogModuleManager: Shutting down and abandoning module CollectionManager (191)
[2015.09.17-02.22.28:914][532]LogModuleManager: Shutting down and abandoning module StatsViewer (190)
[2015.09.17-02.22.28:914][532]LogModuleManager: Shutting down and abandoning module FoliageEdit (189)
[2015.09.17-02.22.28:914][532]LogModuleManager: Shutting down and abandoning module LandscapeEditor (188)
[2015.09.17-02.22.28:915][532]LogModuleManager: Shutting down and abandoning module ActorPickerMode (187)
[2015.09.17-02.22.28:915][532]LogModuleManager: Shutting down and abandoning module GeometryMode (186)
[2015.09.17-02.22.28:915][532]LogModuleManager: Shutting down and abandoning module TextureAlignMode (185)
[2015.09.17-02.22.28:915][532]LogModuleManager: Shutting down and abandoning module BspMode (184)
[2015.09.17-02.22.28:915][532]LogModuleManager: Shutting down and abandoning module PlacementMode (183)
[2015.09.17-02.22.28:915][532]LogModuleManager: Shutting down and abandoning module AutomationWorker (182)
[2015.09.17-02.22.28:915][532]LogModuleManager: Shutting down and abandoning module CharacterAI (181)
[2015.09.17-02.22.28:915][532]LogModuleManager: Shutting down and abandoning module SmartSnapping (180)
[2015.09.17-02.22.28:915][532]LogModuleManager: Shutting down and abandoning module ViewportSnapping (179)
[2015.09.17-02.22.28:915][532]LogModuleManager: Shutting down and abandoning module LogVisualizer (178)
[2015.09.17-02.22.28:915][532]LogModuleManager: Shutting down and abandoning module GameProjectGeneration (177)
[2015.09.17-02.22.28:915][532]LogModuleManager: Shutting down and abandoning module IntroTutorials (176)
[2015.09.17-02.22.28:922][532]LogModuleManager: Shutting down and abandoning module EditorLiveStreaming (175)
[2015.09.17-02.22.28:922][532]LogModuleManager: Shutting down and abandoning module IOSPlatformEditor (174)
[2015.09.17-02.22.28:922][532]LogModuleManager: Shutting down and abandoning module HTML5PlatformEditor (173)
[2015.09.17-02.22.28:922][532]LogModuleManager: Shutting down and abandoning module AndroidDeviceDetection (172)
[2015.09.17-02.22.29:575][532]LogModuleManager: Shutting down and abandoning module AndroidPlatformEditor (171)
[2015.09.17-02.22.29:575][532]LogModuleManager: Shutting down and abandoning module IOSRuntimeSettings (170)
[2015.09.17-02.22.29:575][532]LogModuleManager: Shutting down and abandoning module AndroidRuntimeSettings (169)
[2015.09.17-02.22.29:575][532]LogModuleManager: Shutting down and abandoning module MergeActors (168)
[2015.09.17-02.22.29:575][532]LogModuleManager: Shutting down and abandoning module SizeMap (167)
[2015.09.17-02.22.29:575][532]LogModuleManager: Shutting down and abandoning module TreeMap (166)
[2015.09.17-02.22.29:575][532]LogModuleManager: Shutting down and abandoning module ReferenceViewer (165)
[2015.09.17-02.22.29:575][532]LogModuleManager: Shutting down and abandoning module LocalizationService (164)
[2015.09.17-02.22.29:575][532]LogModuleManager: Shutting down and abandoning module LocalizationDashboard (163)
[2015.09.17-02.22.29:575][532]LogModuleManager: Shutting down and abandoning module HardwareTargeting (162)
[2015.09.17-02.22.29:575][532]LogModuleManager: Shutting down and abandoning module DeviceProfileEditor (161)
[2015.09.17-02.22.29:575][532]LogModuleManager: Shutting down and abandoning module UndoHistory (160)
[2015.09.17-02.22.29:575][532]LogModuleManager: Shutting down and abandoning module GameplayTagsEditor (159)
[2015.09.17-02.22.29:575][532]LogModuleManager: Shutting down and abandoning module UserFeedback (158)
[2015.09.17-02.22.29:575][532]LogModuleManager: Shutting down and abandoning module XmlParser (157)
[2015.09.17-02.22.29:575][532]LogModuleManager: Shutting down and abandoning module Blutility (156)
[2015.09.17-02.22.29:575][532]LogModuleManager: Shutting down and abandoning module ProjectTargetPlatformEditor (155)
[2015.09.17-02.22.29:576][532]LogModuleManager: Shutting down and abandoning module ProjectSettingsViewer (154)
[2015.09.17-02.22.29:576][532]LogModuleManager: Shutting down and abandoning module InputBindingEditor (153)
[2015.09.17-02.22.29:576][532]LogModuleManager: Shutting down and abandoning module EditorSettingsViewer (152)
[2015.09.17-02.22.29:576][532]LogModuleManager: Shutting down and abandoning module SettingsEditor (151)
[2015.09.17-02.22.29:576][532]LogModuleManager: Shutting down and abandoning module ProjectLauncher (150)
[2015.09.17-02.22.29:576][532]LogModuleManager: Shutting down and abandoning module SessionFrontend (149)
[2015.09.17-02.22.29:576][532]LogModuleManager: Shutting down and abandoning module ProfilerClient (148)
[2015.09.17-02.22.29:576][532]LogModuleManager: Shutting down and abandoning module TargetDeviceServices (147)
[2015.09.17-02.22.29:576][532]LogModuleManager: Shutting down and abandoning module DeviceManager (146)
[2015.09.17-02.22.29:577][532]LogModuleManager: Shutting down and abandoning module AutomationController (145)
[2015.09.17-02.22.29:577][532]LogModuleManager: Shutting down and abandoning module AutomationWindow (144)
[2015.09.17-02.22.29:577][532]LogModuleManager: Shutting down and abandoning module Layers (143)
[2015.09.17-02.22.29:577][532]LogModuleManager: Shutting down and abandoning module ComponentVisualizers (142)
[2015.09.17-02.22.29:577][532]LogModuleManager: Shutting down and abandoning module DetailCustomizations (141)
[2015.09.17-02.22.29:577][532]LogModuleManager: Shutting down and abandoning module PackagesDialog (140)
[2015.09.17-02.22.29:577][532]LogModuleManager: Shutting down and abandoning module Persona (139)
[2015.09.17-02.22.29:577][532]LogModuleManager: Shutting down and abandoning module Kismet (138)
[2015.09.17-02.22.29:577][532]LogModuleManager: Shutting down and abandoning module GraphEditor (137)
[2015.09.17-02.22.29:577][532]LogModuleManager: Shutting down and abandoning module ClassViewer (136)
[2015.09.17-02.22.29:577][532]LogModuleManager: Shutting down and abandoning module Toolbox (135)
[2015.09.17-02.22.29:577][532]LogModuleManager: Shutting down and abandoning module ModuleUI (134)
[2015.09.17-02.22.29:577][532]LogModuleManager: Shutting down and abandoning module MovieSceneTools (133)
[2015.09.17-02.22.29:577][532]LogModuleManager: Shutting down and abandoning module OutputLog (132)
[2015.09.17-02.22.29:577][532]LogModuleManager: Shutting down and abandoning module GammaUI (131)
[2015.09.17-02.22.29:577][532]LogModuleManager: Shutting down and abandoning module Documentation (130)
[2015.09.17-02.22.29:578][532]LogModuleManager: Shutting down and abandoning module GameLiveStreaming (129)
[2015.09.17-02.22.29:578][532]LogModuleManager: Shutting down and abandoning module StreamingPauseRendering (128)
[2015.09.17-02.22.29:578][532]LogModuleManager: Shutting down and abandoning module AnalyticsET (127)
[2015.09.17-02.22.29:578][532]LogModuleManager: Shutting down and abandoning module Analytics (126)
[2015.09.17-02.22.29:578][532]LogModuleManager: Shutting down and abandoning module AITestSuite (125)
[2015.09.17-02.22.29:578][532]LogModuleManager: Shutting down and abandoning module GameplayDebugger (124)
[2015.09.17-02.22.29:578][532]LogModuleManager: Shutting down and abandoning module AIModule (123)
[2015.09.17-02.22.29:578][532]LogModuleManager: Shutting down and abandoning module ProfilerService (122)
[2015.09.17-02.22.29:633][532]LogModuleManager: Shutting down and abandoning module TaskGraph (121)
[2015.09.17-02.22.29:633][532]LogModuleManager: Shutting down and abandoning module SlateRemote (120)
[2015.09.17-02.22.29:633][532]LogModuleManager: Shutting down and abandoning module SteamVRController (119)
[2015.09.17-02.22.29:633][532]LogModuleManager: Shutting down and abandoning module SteamVR (118)
[2015.09.17-02.22.29:633][532]LogModuleManager: Shutting down and abandoning module ProceduralMeshComponent (117)
[2015.09.17-02.22.29:633][532]LogModuleManager: Shutting down and abandoning module OculusRift (116)
[2015.09.17-02.22.29:633][532]LogModuleManager: Shutting down and abandoning module OculusLibrary (115)
[2015.09.17-02.22.29:633][532]LogModuleManager: Shutting down and abandoning module LeapMotionController (114)
[2015.09.17-02.22.29:671][532]LogModuleManager: Shutting down and abandoning module CustomMeshComponent (113)
[2015.09.17-02.22.29:671][532]LogModuleManager: Shutting down and abandoning module CableComponent (112)
[2015.09.17-02.22.29:671][532]LogModuleManager: Shutting down and abandoning module ArchVisCharacter (111)
[2015.09.17-02.22.29:671][532]LogModuleManager: Shutting down and abandoning module MessagingDebugger (110)
[2015.09.17-02.22.29:671][532]LogModuleManager: Shutting down and abandoning module MediaPlayerEditor (109)
[2015.09.17-02.22.29:671][532]LogModuleManager: Shutting down and abandoning module HTML5Networking (108)
[2015.09.17-02.22.29:671][532]LogModuleManager: Shutting down and abandoning module SpeedTreeImporter (107)
[2015.09.17-02.22.29:671][532]LogModuleManager: Shutting down and abandoning module PluginBrowser (106)
[2015.09.17-02.22.29:671][532]LogModuleManager: Shutting down and abandoning module EpicSurvey (105)
[2015.09.17-02.22.29:671][532]LogModuleManager: Shutting down and abandoning module DesktopPlatform (104)
[2015.09.17-02.22.29:671][532]LogModuleManager: Shutting down and abandoning module VisualStudioSourceCodeAccess (103)
[2015.09.17-02.22.29:671][532]LogModuleManager: Shutting down and abandoning module UObjectPlugin (102)
[2015.09.17-02.22.29:671][532]LogModuleManager: Shutting down and abandoning module SubversionSourceControl (101)
[2015.09.17-02.22.29:672][532]LogModuleManager: Shutting down and abandoning module PerforceSourceControl (100)
[2015.09.17-02.22.29:672][532]LogModuleManager: Shutting down and abandoning module SourceControl (99)
[2015.09.17-02.22.29:672][532]LogModuleManager: Shutting down and abandoning module GitSourceControl (98)
[2015.09.17-02.22.29:672][532]LogModuleManager: Shutting down and abandoning module LightPropagationVolumeEditor (97)
[2015.09.17-02.22.29:672][532]LogModuleManager: Shutting down and abandoning module PaperTiledImporter (96)
[2015.09.17-02.22.29:672][532]LogModuleManager: Shutting down and abandoning module PaperSpriteSheetImporter (95)
[2015.09.17-02.22.29:672][532]LogModuleManager: Shutting down and abandoning module MeshPaint (94)
[2015.09.17-02.22.29:672][532]LogModuleManager: Shutting down and abandoning module SlateReflector (93)
[2015.09.17-02.22.29:672][532]LogModuleManager: Shutting down and abandoning module HotReload (92)
[2015.09.17-02.22.29:672][532]LogModuleManager: Shutting down and abandoning module MainFrame (91)
[2015.09.17-02.22.29:672][532]LogModuleManager: Shutting down and abandoning module LevelEditor (90)
[2015.09.17-02.22.29:674][532]LogModuleManager: Shutting down and abandoning module DirectoryWatcher (89)
[2015.09.17-02.22.29:675][532]LogModuleManager: Shutting down and abandoning module AssetRegistry (88)
[2015.09.17-02.22.29:877][532]LogModuleManager: Shutting down and abandoning module ContentBrowser (87)
[2015.09.17-02.22.29:879][532]LogModuleManager: Shutting down and abandoning module Paper2DEditor (86)
[2015.09.17-02.22.29:879][532]LogModuleManager: Shutting down and abandoning module UdpMessaging (85)
[2015.09.17-02.22.29:980][532]LogModuleManager: Shutting down and abandoning module LightPropagationVolumeRuntime (84)
[2015.09.17-02.22.29:980][532]LogModuleManager: Shutting down and abandoning module Paper2D (83)
[2015.09.17-02.22.29:980][532]LogModuleManager: Shutting down and abandoning module WindowsMoviePlayer (82)
[2015.09.17-02.22.29:986][532]LogModuleManager: Shutting down and abandoning module Media (81)
[2015.09.17-02.22.29:986][532]LogModuleManager: Shutting down and abandoning module WmfMedia (80)
[2015.09.17-02.22.29:986][532]LogModuleManager: Shutting down and abandoning module OnlineBlueprintSupport (79)
[2015.09.17-02.22.29:986][532]LogModuleManager: Shutting down and abandoning module GameplayTasksEditor (78)
[2015.09.17-02.22.29:986][532]LogModuleManager: Shutting down and abandoning module PropertyEditor (77)
[2015.09.17-02.22.29:986][532]LogModuleManager: Shutting down and abandoning module BehaviorTreeEditor (76)
[2015.09.17-02.22.29:986][532]LogModuleManager: Shutting down and abandoning module FunctionalTesting (75)
[2015.09.17-02.22.29:986][532]LogModuleManager: Shutting down and abandoning module CollisionAnalyzer (74)
[2015.09.17-02.22.29:986][532]LogModuleManager: Shutting down and abandoning module WorkspaceMenuStructure (73)
[2015.09.17-02.22.29:986][532]LogModuleManager: Shutting down and abandoning module MessageLog (72)
[2015.09.17-02.22.29:986][532]LogModuleManager: Shutting down and abandoning module Sequencer (71)
[2015.09.17-02.22.29:986][532]LogModuleManager: Shutting down and abandoning module AssetTools (70)
[2015.09.17-02.22.29:987][532]LogModuleManager: Shutting down and abandoning module UMGEditor (69)
[2015.09.17-02.22.29:987][532]LogModuleManager: Shutting down and abandoning module UMG (68)
[2015.09.17-02.22.29:987][532]LogModuleManager: Shutting down and abandoning module Slate (67)
[2015.09.17-02.22.29:987][532]LogModuleManager: Shutting down and abandoning module EditorStyle (66)
[2015.09.17-02.22.29:993][532]LogModuleManager: Shutting down and abandoning module SessionServices (65)
[2015.09.17-02.22.29:993][532]LogModuleManager: Shutting down and abandoning module SourceCodeAccess (64)
[2015.09.17-02.22.29:993][532]LogModuleManager: Shutting down and abandoning module HeadMountedDisplay (63)
[2015.09.17-02.22.29:993][532]LogModuleManager: Shutting down and abandoning module XAudio2 (62)
[2015.09.17-02.22.29:993][532]LogModuleManager: Shutting down and abandoning module Networking (60)
[2015.09.17-02.22.29:993][532]LogModuleManager: Shutting down and abandoning module Core (59)
[2015.09.17-02.22.29:993][532]LogModuleManager: Shutting down and abandoning module KismetCompiler (58)
[2015.09.17-02.22.29:993][532]LogModuleManager: Shutting down and abandoning module PhysXFormats (57)
[2015.09.17-02.22.29:993][532]LogModuleManager: Shutting down and abandoning module MeshUtilities (56)
[2015.09.17-02.22.29:993][532]LogModuleManager: Shutting down and abandoning module CookingStats (55)
[2015.09.17-02.22.29:995][532]LogModuleManager: Shutting down and abandoning module DerivedDataCache (54)
[2015.09.17-02.22.30:013][532]LogDerivedDataCache: Shutdown
[2015.09.17-02.22.30:013][532]LogModuleManager: Shutting down and abandoning module ShaderFormatOpenGL (53)
[2015.09.17-02.22.30:013][532]LogModuleManager: Shutting down and abandoning module ShaderFormatD3D (52)
[2015.09.17-02.22.30:013][532]LogModuleManager: Shutting down and abandoning module MetalShaderFormat (51)
[2015.09.17-02.22.30:013][532]LogModuleManager: Shutting down and abandoning module TextureFormatUncompressed (50)
[2015.09.17-02.22.30:013][532]LogModuleManager: Shutting down and abandoning module TextureFormatPVR (49)
[2015.09.17-02.22.30:013][532]LogModuleManager: Shutting down and abandoning module TextureFormatIntelISPCTexComp (48)
[2015.09.17-02.22.30:013][532]LogModuleManager: Shutting down and abandoning module TextureFormatDXT (47)
[2015.09.17-02.22.30:013][532]LogModuleManager: Shutting down and abandoning module ImageWrapper (46)
[2015.09.17-02.22.30:013][532]LogModuleManager: Shutting down and abandoning module TextureFormatASTC (45)
[2015.09.17-02.22.30:013][532]LogModuleManager: Shutting down and abandoning module TextureFormatAndroid (44)
[2015.09.17-02.22.30:014][532]LogModuleManager: Shutting down and abandoning module AudioFormatOpus (43)
[2015.09.17-02.22.30:014][532]LogModuleManager: Shutting down and abandoning module AudioFormatOgg (42)
[2015.09.17-02.22.30:014][532]LogModuleManager: Shutting down and abandoning module AudioFormatADPCM (41)
[2015.09.17-02.22.30:014][532]LogModuleManager: Shutting down and abandoning module LinuxTargetPlatform (40)
[2015.09.17-02.22.30:014][532]LogModuleManager: Shutting down and abandoning module LinuxServerTargetPlatform (39)
[2015.09.17-02.22.30:014][532]LogModuleManager: Shutting down and abandoning module LinuxNoEditorTargetPlatform (38)
[2015.09.17-02.22.30:014][532]LogModuleManager: Shutting down and abandoning module Messaging (37)
[2015.09.17-02.22.30:014][532]LogModuleManager: Shutting down and abandoning module IOSTargetPlatform (36)
[2015.09.17-02.22.30:014][532]LogModuleManager: Shutting down and abandoning module HTML5TargetPlatform (35)
[2015.09.17-02.22.30:014][532]LogModuleManager: Shutting down and abandoning module Android_PVRTCTargetPlatform (34)
[2015.09.17-02.22.30:014][532]LogModuleManager: Shutting down and abandoning module Android_ETC2TargetPlatform (33)
[2015.09.17-02.22.30:014][532]LogModuleManager: Shutting down and abandoning module Android_ETC1TargetPlatform (32)
[2015.09.17-02.22.30:014][532]LogModuleManager: Shutting down and abandoning module Android_DXTTargetPlatform (31)
[2015.09.17-02.22.30:014][532]LogModuleManager: Shutting down and abandoning module Android_ATCTargetPlatform (30)
[2015.09.17-02.22.30:014][532]LogModuleManager: Shutting down and abandoning module Android_ASTCTargetPlatform (29)
[2015.09.17-02.22.30:014][532]LogModuleManager: Shutting down and abandoning module AndroidTargetPlatform (28)
[2015.09.17-02.22.30:014][532]LogModuleManager: Shutting down and abandoning module WindowsTargetPlatform (27)
[2015.09.17-02.22.30:014][532]LogModuleManager: Shutting down and abandoning module WindowsServerTargetPlatform (26)
[2015.09.17-02.22.30:014][532]LogModuleManager: Shutting down and abandoning module WindowsNoEditorTargetPlatform (25)
[2015.09.17-02.22.30:014][532]LogModuleManager: Shutting down and abandoning module WindowsClientTargetPlatform (24)
[2015.09.17-02.22.30:014][532]LogModuleManager: Shutting down and abandoning module AllDesktopTargetPlatform (23)
[2015.09.17-02.22.30:014][532]LogModuleManager: Shutting down and abandoning module TargetPlatform (22)
[2015.09.17-02.22.30:014][532]LogModuleManager: Shutting down and abandoning module InputCore (21)
[2015.09.17-02.22.30:014][532]LogModuleManager: Shutting down and abandoning module Settings (20)
[2015.09.17-02.22.30:014][532]LogModuleManager: Shutting down and abandoning module OnlineSubsystem (18)
[2015.09.17-02.22.30:014][532]LogModuleManager: Shutting down and abandoning module HTTP (17)
[2015.09.17-02.22.32:519][532]LogModuleManager: Shutting down and abandoning module XMPP (16)
[2015.09.17-02.22.32:519][532]LogModuleManager: Shutting down and abandoning module ExampleDeviceProfileSelector (15)
[2015.09.17-02.22.32:519][532]LogModuleManager: Shutting down and abandoning module TextureCompressor (14)
[2015.09.17-02.22.32:519][532]LogModuleManager: Shutting down and abandoning module ShaderCore (13)
[2015.09.17-02.22.32:519][532]LogModuleManager: Shutting down and abandoning module Landscape (12)
[2015.09.17-02.22.32:519][532]LogModuleManager: Shutting down and abandoning module SlateRHIRenderer (11)
[2015.09.17-02.22.32:522][532]LogModuleManager: Shutting down and abandoning module OpenGLDrv (10)
[2015.09.17-02.22.32:522][532]LogModuleManager: Shutting down and abandoning module D3D11RHI (9)
[2015.09.17-02.22.32:522][532]LogModuleManager: Shutting down and abandoning module AnimGraphRuntime (8)
[2015.09.17-02.22.32:522][532]LogModuleManager: Shutting down and abandoning module Renderer (7)
[2015.09.17-02.22.32:522][532]LogModuleManager: Shutting down and abandoning module Engine (6)
[2015.09.17-02.22.32:522][532]LogModuleManager: Shutting down and abandoning module CoreUObject (5)
[2015.09.17-02.22.32:522][532]LogModuleManager: Shutting down and abandoning module NetworkFile (4)
[2015.09.17-02.22.32:522][532]LogModuleManager: Shutting down and abandoning module StreamingFile (3)
[2015.09.17-02.22.32:522][532]LogModuleManager: Shutting down and abandoning module SandboxFile (2)
[2015.09.17-02.22.32:522][532]LogModuleManager: Shutting down and abandoning module PakFile (1)
[2015.09.17-02.22.32:525][532]LogExit: Exiting.
[2015.09.17-02.22.32:563][532]Log file closed, 09/17/15 09:22:32
